Looking for a CUDA compiler failed with the following output:
-- The CUDA compiler identification is unknown
CMake Error at CMakeLists.txt:2 (project):
  No CMAKE_CUDA_COMPILER could be found.

  Tell CMake where to find the compiler by setting either the environment
  variable "CUDACXX" or the CMake cache entry CMAKE_CUDA_COMPILER to the full
  path to the compiler, or to the compiler name if it is in the PATH.


-- Configuring incomplete, errors occurred!
See also "/home/giang/Desktop/darknet_gg2/darknet/build_release/CMakeFiles/CheckCUDA/CMakeFiles/CMakeOutput.log".
See also "/home/giang/Desktop/darknet_gg2/darknet/build_release/CMakeFiles/CheckCUDA/CMakeFiles/CMakeError.log".

Performing C SOURCE FILE Test CMAKE_HAVE_LIBC_PTHREAD failed with the following output:
Change Dir: /home/giang/Desktop/darknet_gg2/darknet/build_release/CMakeFiles/CMakeTmp

Run Build Command(s):/usr/bin/make cmTC_6ab9d/fast && /usr/bin/make  -f CMakeFiles/cmTC_6ab9d.dir/build.make CMakeFiles/cmTC_6ab9d.dir/build
make[1]: Entering directory '/home/giang/Desktop/darknet_gg2/darknet/build_release/CMakeFiles/CMakeTmp'
Building C object CMakeFiles/cmTC_6ab9d.dir/src.c.o
/usr/bin/cc   -DCMAKE_HAVE_LIBC_PTHREAD   -o CMakeFiles/cmTC_6ab9d.dir/src.c.o   -c /home/giang/Desktop/darknet_gg2/darknet/build_release/CMakeFiles/CMakeTmp/src.c
Linking C executable cmTC_6ab9d
/home/giang/.local/lib/python3.8/site-packages/cmake/data/bin/cmake -E cmake_link_script CMakeFiles/cmTC_6ab9d.dir/link.txt --verbose=1
/usr/bin/cc  -DCMAKE_HAVE_LIBC_PTHREAD    CMakeFiles/cmTC_6ab9d.dir/src.c.o  -o cmTC_6ab9d 
/usr/bin/ld: CMakeFiles/cmTC_6ab9d.dir/src.c.o: in function `main':
src.c:(.text+0x46): undefined reference to `pthread_create'
/usr/bin/ld: src.c:(.text+0x52): undefined reference to `pthread_detach'
/usr/bin/ld: src.c:(.text+0x5e): undefined reference to `pthread_cancel'
/usr/bin/ld: src.c:(.text+0x6f): undefined reference to `pthread_join'
collect2: error: ld returned 1 exit status
make[1]: *** [CMakeFiles/cmTC_6ab9d.dir/build.make:107: cmTC_6ab9d] Error 1
make[1]: Leaving directory '/home/giang/Desktop/darknet_gg2/darknet/build_release/CMakeFiles/CMakeTmp'
make: *** [Makefile:141: cmTC_6ab9d/fast] Error 2


Source file was:
#include <pthread.h>

void* test_func(void* data)
{
  return data;
}

int main(void)
{
  pthread_t thread;
  pthread_create(&thread, NULL, test_func, NULL);
  pthread_detach(thread);
  pthread_cancel(thread);
  pthread_join(thread, NULL);
  pthread_atfork(NULL, NULL, NULL);
  pthread_exit(NULL);

  return 0;
}

Determining if the function pthread_create exists in the pthreads failed with the following output:
Change Dir: /home/giang/Desktop/darknet_gg2/darknet/build_release/CMakeFiles/CMakeTmp

Run Build Command(s):/usr/bin/make cmTC_937d1/fast && /usr/bin/make  -f CMakeFiles/cmTC_937d1.dir/build.make CMakeFiles/cmTC_937d1.dir/build
make[1]: Entering directory '/home/giang/Desktop/darknet_gg2/darknet/build_release/CMakeFiles/CMakeTmp'
Building C object CMakeFiles/cmTC_937d1.dir/CheckFunctionExists.c.o
/usr/bin/cc   -DCHECK_FUNCTION_EXISTS=pthread_create   -o CMakeFiles/cmTC_937d1.dir/CheckFunctionExists.c.o   -c /home/giang/.local/lib/python3.8/site-packages/cmake/data/share/cmake-3.17/Modules/CheckFunctionExists.c
Linking C executable cmTC_937d1
/home/giang/.local/lib/python3.8/site-packages/cmake/data/bin/cmake -E cmake_link_script CMakeFiles/cmTC_937d1.dir/link.txt --verbose=1
/usr/bin/cc  -DCHECK_FUNCTION_EXISTS=pthread_create    CMakeFiles/cmTC_937d1.dir/CheckFunctionExists.c.o  -o cmTC_937d1  -lpthreads 
/usr/bin/ld: cannot find -lpthreads
collect2: error: ld returned 1 exit status
make[1]: *** [CMakeFiles/cmTC_937d1.dir/build.make:107: cmTC_937d1] Error 1
make[1]: Leaving directory '/home/giang/Desktop/darknet_gg2/darknet/build_release/CMakeFiles/CMakeTmp'
make: *** [Makefile:141: cmTC_937d1/fast] Error 2



